#
# A fatal error has been detected by the Java Runtime Environment:
#
#  EXCEPTION_ACCESS_VIOLATION (0xc0000005) at pc=0x7265ba33, pid=3872, tid=0x0000104c
#
# JRE version: Java(TM) SE Runtime Environment (8.0_191-b12) (build 1.8.0_191-b12)
# Java VM: Java HotSpot(TM) Client VM (25.191-b12 mixed mode windows-x86 )
# Problematic frame:
# V  [jvm.dll+0x15ba33]
#
# Failed to write core dump. Minidumps are not enabled by default on client versions of Windows
#
# If you would like to submit a bug report, please visit:
#   http://bugreport.java.com/bugreport/crash.jsp
#


]  [jvm.dll+0x15ba33]
V  [jvm.dll+0x223ece]
V  [jvm.dll+0x15c3ae]
V  [jvm.dll+0xddd5b]
V  [jvm.dll+0xde16a]
C  [java.dll+0xbb78]
C  [java.dll+0xd059]
C  0x00000008

Java frames: (J=compiled Java code, j=interpreted, Vv=VM code)
J 1767  java.io.FileOutputStream.writeBytes([BIIZ)V (0 bytes) @ 0x03dbe5bb [0x03dbe550+0x6b]
j  java.io.FileOutputStream.write([BII)V+8
j  java.io.BufferedOutputStream.flushBuffer()V+20
j  java.io.BufferedOutputStream.flush()V+1
j  java.io.PrintStream.write([BII)V+30
j  sun.nio.cs.StreamEncoder.writeBytes()V+120
j  sun.nio.cs.StreamEncoder.implFlushBuffer()V+11
j  sun.nio.cs.StreamEncoder.flushBuffer()V+15
j  java.io.OutputStreamWriter.flushBuffer()V+4
j  java.io.PrintStream.write(Ljava/lang/String;)V+27
j  java.io.PrintStream.print(Ljava/lang/String;)V+9
j  cc.arduino.ConsoleOutputStream.flush()V+18
j  java.io.PrintStream.write([BII)V+30
j  sun.nio.cs.StreamEncoder.writeBytes()V+120
j  sun.nio.cs.StreamEncoder.implFlushBuffer()V+11
j  sun.nio.cs.StreamEncoder.flushBuffer()V+15
j  java.io.OutputStreamWriter.flushBuffer()V+4
j  java.io.PrintStream.write(Ljava/lang/String;)V+27
j  java.io.PrintStream.print(Ljava/lang/String;)V+9
j  java.lang.ThreadGroup.uncaughtException(Ljava/lang/Thread;Ljava/lang/Throwable;)V+75
j  java.lang.ThreadGroup.uncaughtException(Ljava/lang/Thread;Ljava/lang/Throwable;)V+13
j  java.lang.Thread.dispatchUncaughtException(Ljava/lang/Throwable;)V+6
v  ~StubRoutines::call_stub

---------------  P R O C E S S  ---------------

Java Threads: ( => current thread )
  0x29976c00 JavaThread "DestroyJavaVM" [_thread_blocked, id=7760, stack(0x02bd0000,0x02c20000)]
  0x27b10000 JavaThread "TimerQueue" daemon [_thread_blocked, id=6192, stack(0x2a910000,0x2a960000)]
  0x27b11000 JavaThread "AWT-EventQueue-0" [_thread_blocked, id=8176, stack(0x29330000,0x29380000)]
  0x27b11800 JavaThread "AWT-Shutdown" [_thread_blocked, id=6452, stack(0x292a0000,0x292f0000)]
  0x27b13800 JavaThread "Batik CleanerThread" daemon [_thread_blocked, id=3160, stack(0x28530000,0x28580000)]
  0x27b12000 JavaThread "JmDNS(192-168-1-119.local.).State.Timer" [_thread_blocked, id=7448, stack(0x28bf0000,0x28c40000)]
  0x27b10c00 JavaThread "JmDNS(192-168-1-119.local.).Timer" daemon [_thread_blocked, id=5552, stack(0x28b60000,0x28bb0000)]
  0x27b12c00 JavaThread "SocketListener(192-168-1-119.local.)" daemon [_thread_in_native, id=3884, stack(0x28ad0000,0x28b20000)]
  0x27af6800 JavaThread "JmDNS(fe80-0-0-0-54a5-a1ba-e138-62c6-wlan1.local.).State.Timer" [_thread_blocked, id=2340, stack(0x287b0000,0x28800000)]
  0x27ba6800 JavaThread "JmDNS(fe80-0-0-0-54a5-a1ba-e138-62c6-wlan1.local.).Timer" daemon [_thread_blocked, id=4864, stack(0x28720000,0x28770000)]
  0x27ba6000 JavaThread "SocketListener(fe80-0-0-0-54a5-a1ba-e138-62c6-wlan1.local.)" daemon [_thread_in_native, id=3776, stack(0x28690000,0x286e0000)]
=>0x27b22800 JavaThread "Multihomed mDNS.Timer" daemon [_thread_in_vm, id=4172, stack(0x26fa0000,0x26ff0000)]
  0x27b22000 JavaThread "cc.arduino.packages.discoverers.serial.SerialBoardsLister" [_thread_blocked, id=5308, stack(0x28600000,0x28650000)]
  0x26b57400 JavaThread "AWT-Windows" daemon [_thread_in_native, id=6780, stack(0x27030000,0x27080000)]
  0x26b2c400 JavaThread "Java2D Disposer" daemon [_thread_blocked, id=3972, stack(0x26f10000,0x26f60000)]
  0x2616a000 JavaThread "Service Thread" daemon [_thread_blocked, id=4400, stack(0x267b0000,0x26800000)]
  0x26142400 JavaThread "C1 CompilerThread0" daemon [_thread_blocked, id=1708, stack(0x26720000,0x26770000)]
  0x26140c00 JavaThread "Attach Listener" daemon [_thread_blocked, id=1172, stack(0x26690000,0x266e0000)]
  0x2613d000 JavaThread "Signal Dispatcher" daemon [_thread_blocked, id=396, stack(0x26600000,0x26650000)]
  0x2612b800 JavaThread "Finalizer" daemon [_thread_blocked, id=6388, stack(0x26470000,0x264c0000)]
  0x26125800 JavaThread "Reference Handler" daemon [_thread_blocked, id=6224, stack(0x263e0000,0x26430000)]

Other Threads:
  0x02aeec00 VMThread [stack: 0x26350000,0x263a0000] [id=1968]
  0x26154c00 WatcherThread [stack: 0x26840000,0x26890000] [id=7364]

VM state:not at safepoint (normal execution)

VM Mutex/Monitor currently owned by a thread: None

Heap:
 def new generation   total 39424K, used 33950K [0x05c00000, 0x086c0000, 0x106a0000)
  eden space 35072K,  96% used [0x05c00000, 0x07cf8b70, 0x07e40000)
  from space 4352K,   4% used [0x08280000, 0x082aedc8, 0x086c0000)
  to   space 4352K,   0% used [0x07e40000, 0x07e40000, 0x08280000)
 tenured generation   total 87424K, used 59360K [0x106a0000, 0x15c00000, 0x25c00000)
   the space 87424K,  67% used [0x106a0000, 0x14098008, 0x14098200, 0x15c00000)
 Metaspace       used 20900K, capacity 21502K, committed 21504K, reserved 21888K

Card table byte_map: [0x05ae0000,0x05bf0000] byte_map_base: 0x05ab2000

Polling page: 0x01140000

CodeCache: size=32768Kb used=2154Kb max_used=4193Kb free=30613Kb
 bounds [0x03a60000, 0x03e88000, 0x05a60000]
 total_blobs=1408 nmethods=1134 adapters=204
 compilation: enabled

Compilation events (10 events):
Event: 3711.881 Thread 0x26142400 2971             java.util.LinkedHashMap$LinkedHashIterator::nextNode (54 bytes)
Event: 3711.881 Thread 0x26142400 nmethod 2971 0x03e0df48 code [0x03e0e060, 0x03e0e1e8]
Event: 3711.882 Thread 0x26142400 2972             java.util.LinkedHashMap$LinkedKeyIterator::next (8 bytes)
Event: 3711.882 Thread 0x26142400 nmethod 2972 0x03e0dd08 code [0x03e0de10, 0x03e0deac]
Event: 3711.882 Thread 0x26142400 2973             java.util.LinkedList::node (65 bytes)
Event: 3711.882 Thread 0x26142400 nmethod 2973 0x03dfb888 code [0x03dfb990, 0x03dfba70]
Event: 3711.882 Thread 0x26142400 2974             java.lang.CharacterDataLatin1::toUpperCaseEx (71 bytes)
Event: 3711.883 Thread 0x26142400 nmethod 2974 0x03dfb588 code [0x03dfb680, 0x03dfb780]
Event: 3715.408 Thread 0x26142400 2975             java.util.HashMap$EntrySet::iterator (12 bytes)
Event: 3715.408 Thread 0x26142400 nmethod 2975 0x03dfb308 code [0x03dfb410, 0x03dfb4fc]

GC Heap History (10 events):
Event: 39.806 GC heap before
{Heap before GC invocations=4 (full 1):
 def new generation   total 39424K, used 37571K [0x05c00000, 0x086c0000, 0x106a0000)
  eden space 35072K, 100% used [0x05c00000, 0x07e40000, 0x07e40000)
  from space 4352K,  57% used [0x08280000, 0x084f0ee0, 0x086c0000)
  to   space 4352K,   0% used [0x07e40000, 0x07e40000, 0x08280000)
 tenured generation   total 87424K, used 29274K [0x106a0000, 0x15c00000, 0x25c00000)
   the space 87424K,  33% used [0x106a0000, 0x12336b20, 0x12336c00, 0x15c00000)
 Metaspace       used 18678K, capacity 19212K, committed 19328K, reserved 19840K
Event: 39.857 GC heap after
Heap after GC invocations=5 (full 1):
 def new generation   total 39424K, used 4352K [0x05c00000, 0x086c0000, 0x106a0000)
  eden space 35072K,   0% used [0x05c00000, 0x05c00000, 0x07e40000)
  from space 4352K, 100% used [0x07e40000, 0x08280000, 0x08280000)
  to   space 4352K,   0% used [0x08280000, 0x08280000, 0x086c0000)
 tenured generation   total 87424K, used 34251K [0x106a0000, 0x15c00000, 0x25c00000)
   the space 87424K,  39% used [0x106a0000, 0x12812e08, 0x12813000, 0x15c00000)
 Metaspace       used 18678K, capacity 19212K, committed 19328K, reserved 19840K
}
Event: 102.283 GC heap before
{Heap before GC invocations=5 (full 1):
 def new generation   total 39424K, used 24058K [0x05c00000, 0x086c0000, 0x106a0000)
  eden space 35072K,  56% used [0x05c00000, 0x06f3e868, 0x07e40000)
  from space 4352K, 100% used [0x07e40000, 0x08280000, 0x08280000)
  to   space 4352K,   0% used [0x08280000, 0x08280000, 0x086c0000)
 tenured generation   total 87424K, used 34251K [0x106a0000, 0x15c00000, 0x25c00000)
   the space 87424K,  39% used [0x106a0000, 0x12812e08, 0x12813000, 0x15c00000)
 Metaspace       used 19899K, capacity 20429K, committed 20480K, reserved 20864K
Event: 102.488 GC heap after
Heap after GC invocations=6 (full 2):
 def new generation   total 39424K, used 0K [0x05c00000, 0x086c0000, 0x106a0000)
  eden space 35072K,   0% used [0x05c00000, 0x05c00000, 0x07e40000)
  from space 4352K,   0% used [0x07e40000, 0x07e40000, 0x08280000)
  to   space 4352K,   0% used [0x08280000, 0x08280000, 0x086c0000)
 tenured generation   total 87424K, used 36967K [0x106a0000, 0x15c00000, 0x25c00000)
   the space 87424K,  42% used [0x106a0000, 0x12ab9fc8, 0x12aba000, 0x15c00000)
 Metaspace       used 19899K, capacity 20429K, committed 20480K, reserved 20864K
}
Event: 106.267 GC heap before
{Heap before GC invocations=6 (full 2):
 def new generation   total 39424K, used 35072K [0x05c00000, 0x086c0000, 0x106a0000)
  eden space 35072K, 100% used [0x05c00000, 0x07e40000, 0x07e40000)
  from space 4352K,   0% used [0x07e40000, 0x07e40000, 0x08280000)
  to   space 4352K,   0% used [0x08280000, 0x08280000, 0x086c0000)
 tenured generation   total 87424K, used 36967K [0x106a0000, 0x15c00000, 0x25c00000)
   the space 87424K,  42% used [0x106a0000, 0x12ab9fc8, 0x12aba000, 0x15c00000)
 Metaspace       used 20301K, capacity 20871K, committed 20992K, reserved 21888K
Event: 106.371 GC heap after
Heap after GC invocations=7 (full 2):
 def new generation   total 39424K, used 4352K [0x05c00000, 0x086c0000, 0x106a0000)
  eden space 35072K,   0% used [0x05c00000, 0x05c00000, 0x07e40000)
  from space 4352K, 100% used [0x08280000, 0x086c0000, 0x086c0000)
  to   space 4352K,   0% used [0x07e40000, 0x07e40000, 0x08280000)
 tenured generation   total 87424K, used 52222K [0x106a0000, 0x15c00000, 0x25c00000)
   the space 87424K,  59% used [0x106a0000, 0x1399f878, 0x1399fa00, 0x15c00000)
 Metaspace       used 20301K, capacity 20871K, committed 20992K, reserved 21888K
}
Event: 519.790 GC heap before
{Heap before GC invocations=7 (full 2):
 def new generation   total 39424K, used 39424K [0x05c00000, 0x086c0000, 0x106a0000)
  eden space 35072K, 100% used [0x05c00000, 0x07e40000, 0x07e40000)
  from space 4352K, 100% used [0x08280000, 0x086c0000, 0x086c0000)
  to   space 4352K,   0% used [0x07e40000, 0x07e40000, 0x08280000)
 tenured generation   total 87424K, used 52222K [0x106a0000, 0x15c00000, 0x25c00000)
   the space 87424K,  59% used [0x106a0000, 0x1399f878, 0x1399fa00, 0x15c00000)
 Metaspace       used 20870K, capacity 21467K, committed 21504K, reserved 21888K
Event: 519.838 GC heap after
Heap after GC invocations=8 (full 2):
 def new generation   total 39424K, used 2991K [0x05c00000, 0x086c0000, 0x106a0000)
  eden space 35072K,   0% used [0x05c00000, 0x05c00000, 0x07e40000)
  from space 4352K,  68% used [0x07e40000, 0x0812bdd8, 0x08280000)
  to   space 4352K,   0% used [0x08280000, 0x08280000, 0x086c0000)
 tenured generation   total 87424K, used 56563K [0x106a0000, 0x15c00000, 0x25c00000)
   the space 87424K,  64% used [0x106a0000, 0x13ddcdf0, 0x13ddce00, 0x15c00000)
 Metaspace       used 20870K, capacity 21467K, committed 21504K, reserved 21888K
}
Event: 1567.105 GC heap before
{Heap before GC invocations=8 (full 2):
 def new generation   total 39424K, used 38063K [0x05c00000, 0x086c0000, 0x106a0000)
  eden space 35072K, 100% used [0x05c00000, 0x07e40000, 0x07e40000)
  from space 4352K,  68% used [0x07e40000, 0x0812bdd8, 0x08280000)
  to   space 4352K,   0% used [0x08280000, 0x08280000, 0x086c0000)
 tenured generation   total 87424K, used 56563K [0x106a0000, 0x15c00000, 0x25c00000)
   the space 87424K,  64% used [0x106a0000, 0x13ddcdf0, 0x13ddce00, 0x15c00000)
 Metaspace       used 20900K, capacity 21502K, committed 21504K, reserved 21888K
Event: 1567.310 GC heap after
Heap after GC invocations=9 (full 2):
 def new generation   total 39424K, used 187K [0x05c00000, 0x086c0000, 0x106a0000)
  eden space 35072K,   0% used [0x05c00000, 0x05c00000, 0x07e40000)
  from space 4352K,   4% used [0x08280000, 0x082aedc8, 0x086c0000)
  to   space 4352K,   0% used [0x07e40000, 0x07e40000, 0x08280000)
 tenured generation   total 87424K, used 59360K [0x106a0000, 0x15c00000, 0x25c00000)
   the space 87424K,  67% used [0x106a0000, 0x14098008, 0x14098200, 0x15c00000)
 Metaspace       used 20900K, capacity 21502K, committed 21504K, reserved 21888K
}

Deoptimization events (0 events):
No events

Classes redefined (0 events):
No events

Internal exceptions (10 events):
Event: 106.413 Thread 0x29973000 Exception <a 'sun/nio/fs/WindowsException'> (0x05ca7798) thrown at [C:\workspace\8-2-build-windows-i586-cygwin\jdk8u191\11896\hotspot\src\share\vm\prims\jni.cpp, line 709]
Event: 106.413 Thread 0x29973000 Exception <a 'sun/nio/fs/WindowsException'> (0x05ca7dc8) thrown at [C:\workspace\8-2-build-windows-i586-cygwin\jdk8u191\11896\hotspot\src\share\vm\prims\jni.cpp, line 709]
Event: 106.418 Thread 0x29973000 Exception <a 'sun/nio/fs/WindowsException'> (0x05cb67d0) thrown at [C:\workspace\8-2-build-windows-i586-cygwin\jdk8u191\11896\hotspot\src\share\vm\prims\jni.cpp, line 709]
Event: 106.419 Thread 0x29973000 Exception <a 'sun/nio/fs/WindowsException'> (0x05cb6e40) thrown at [C:\workspace\8-2-build-windows-i586-cygwin\jdk8u191\11896\hotspot\src\share\vm\prims\jni.cpp, line 709]
Event: 106.424 Thread 0x29973000 Exception <a 'sun/nio/fs/WindowsException'> (0x05cc0fb0) thrown at [C:\workspace\8-2-build-windows-i586-cygwin\jdk8u191\11896\hotspot\src\share\vm\prims\jni.cpp, line 709]
Event: 106.424 Thread 0x29973000 Exception <a 'sun/nio/fs/WindowsException'> (0x05cc1608) thrown at [C:\workspace\8-2-build-windows-i586-cygwin\jdk8u191\11896\hotspot\src\share\vm\prims\jni.cpp, line 709]
Event: 1005.678 Thread 0x27b11000 Exception <a 'java/io/IOException'> (0x0736c2c0) thrown at [C:\workspace\8-2-build-windows-i586-cygwin\jdk8u191\11896\hotspot\src\share\vm\prims\jni.cpp, line 709]
Event: 1005.704 Thread 0x27b11000 Exception <a 'java/io/IOException'> (0x0736f708) thrown at [C:\workspace\8-2-build-windows-i586-cygwin\jdk8u191\11896\hotspot\src\share\vm\prims\jni.cpp, line 709]
Event: 1005.704 Thread 0x27b11000 Exception <a 'java/io/IOException'> (0x0736fb30) thrown at [C:\workspace\8-2-build-windows-i586-cygwin\jdk8u191\11896\hotspot\src\share\vm\prims\jni.cpp, line 709]
Event: 3717.998 Thread 0x27b22800 Exception <a 'java/lang/Error': IP Helper Library GetIfTable function failed> (0x07ca3388) thrown at [C:\workspace\8-2-build-windows-i586-cygwin\jdk8u191\11896\hotspot\src\share\vm\prims\jni.cpp, line 735]

Events (10 events):
Event: 3711.864 Thread 0x26142400 flushing nmethod 0x03e0d248
Event: 3711.864 Thread 0x26142400 flushing nmethod 0x03e0d408
Event: 3711.864 Thread 0x26142400 flushing nmethod 0x03e0d5c8
Event: 3711.864 Thread 0x26142400 flushing nmethod 0x03e0dac8
Event: 3718.028 Executing VM operation: RevokeBias
Event: 3718.055 Executing VM operation: RevokeBias done
Event: 3718.055 Executing VM operation: RevokeBias
Event: 3718.055 Executing VM operation: RevokeBias done
Event: 3718.056 Executing VM operation: RevokeBias
Event: 3718.056 Executing VM operation: RevokeBias done


Dynamic libraries:
0x00050000 - 0x00083000 	C:\Program Files (x86)\Arduino\java\bin\javaw.exe
0x77aa0000 - 0x77c3a000 	C:\WINDOWS\SYSTEM32\ntdll.dll
0x778b0000 - 0x77990000 	C:\WINDOWS\System32\KERNEL32.DLL
0x76860000 - 0x76a5c000 	C:\WINDOWS\System32\KERNELBASE.dll
0x756e0000 - 0x75759000 	C:\WINDOWS\System32\ADVAPI32.dll
0x75760000 - 0x7581f000 	C:\WINDOWS\System32\msvcrt.dll
0x75290000 - 0x75306000 	C:\WINDOWS\System32\sechost.dll
0x76540000 - 0x765fb000 	C:\WINDOWS\System32\RPCRT4.dll
0x75270000 - 0x75290000 	C:\WINDOWS\System32\SspiCli.dll
0x75260000 - 0x7526a000 	C:\WINDOWS\System32\CRYPTBASE.dll
0x75ce0000 - 0x75d3f000 	C:\WINDOWS\System32\bcryptPrimitives.dll
0x754c0000 - 0x75657000 	C:\WINDOWS\System32\USER32.dll
0x75660000 - 0x75677000 	C:\WINDOWS\System32\win32u.dll
0x756b0000 - 0x756d1000 	C:\WINDOWS\System32\GDI32.dll
0x75da0000 - 0x75efa000 	C:\WINDOWS\System32\gdi32full.dll
0x76f00000 - 0x76f7c000 	C:\WINDOWS\System32\msvcp_win.dll
0x76600000 - 0x7671f000 	C:\WINDOWS\System32\ucrtbase.dll
0x74300000 - 0x7450f000 	C:\WINDOWS\WinSxS\x86_microsoft.windows.common-controls_6595b64144ccf1df_6.0.18362.535_none_2e70ea1e278c3127\COMCTL32.dll
0x75880000 - 0x75af6000 	C:\WINDOWS\System32\combase.dll
0x76820000 - 0x76845000 	C:\WINDOWS\System32\IMM32.DLL
0x74860000 - 0x7491f000 	C:\Program Files (x86)\Arduino\java\bin\msvcr100.dll
0x72500000 - 0x728d3000 	C:\Program Files (x86)\Arduino\java\bin\client\jvm.dll
0x76530000 - 0x76536000 	C:\WINDOWS\System32\PSAPI.DLL
0x75170000 - 0x75194000 	C:\WINDOWS\SYSTEM32\WINMM.dll
0x74850000 - 0x74858000 	C:\WINDOWS\SYSTEM32\WSOCK32.dll
0x75f00000 - 0x75f5e000 	C:\WINDOWS\System32\WS2_32.dll
0x74830000 - 0x74838000 	C:\WINDOWS\SYSTEM32\VERSION.dll
0x75140000 - 0x75163000 	C:\WINDOWS\SYSTEM32\winmmbase.dll
0x75d60000 - 0x75d9b000 	C:\WINDOWS\System32\cfgmgr32.dll
0x74120000 - 0x74150000 	C:\Program Files (x86)\Arduino\java\bin\splashscreen.dll
0x750c0000 - 0x7513a000 	C:\WINDOWS\system32\uxtheme.dll
0x74840000 - 0x7484c000 	C:\Program Files (x86)\Arduino\java\bin\verify.dll
0x740f0000 - 0x74112000 	C:\Program Files (x86)\Arduino\java\bin\java.dll
0x75390000 - 0x75493000 	C:\WINDOWS\System32\MSCTF.dll
0x77100000 - 0x77192000 	C:\WINDOWS\System32\OLEAUT32.dll
0x75d50000 - 0x75d5f000 	C:\WINDOWS\System32\kernel.appcore.dll
0x72e60000 - 0x72ee4000 	C:\WINDOWS\System32\TextInputFramework.dll
0x72dd0000 - 0x72e59000 	C:\WINDOWS\System32\CoreMessaging.dll
0x72b70000 - 0x72dce000 	C:\WINDOWS\System32\CoreUIComponents.dll
0x77a00000 - 0x77a84000 	C:\WINDOWS\System32\SHCORE.dll
0x738f0000 - 0x73919000 	C:\WINDOWS\SYSTEM32\ntmarta.dll
0x74e50000 - 0x74f2a000 	C:\WINDOWS\SYSTEM32\wintypes.dll
0x72940000 - 0x72b69000 	C:\WINDOWS\System32\iertutil.dll
0x74810000 - 0x74824000 	C:\Program Files (x86)\Arduino\java\bin\zip.dll
0x77330000 - 0x778aa000 	C:\WINDOWS\System32\SHELL32.dll
0x75f60000 - 0x76525000 	C:\WINDOWS\System32\windows.storage.dll
0x75310000 - 0x75327000 	C:\WINDOWS\System32\profapi.dll
0x767d0000 - 0x76813000 	C:\WINDOWS\System32\powrprof.dll
0x75d40000 - 0x75d4d000 	C:\WINDOWS\System32\UMPDC.dll
0x77990000 - 0x779d4000 	C:\WINDOWS\System32\shlwapi.dll
0x779e0000 - 0x779f3000 	C:\WINDOWS\System32\cryptsp.dll
0x61940000 - 0x619b3000 	C:\Program Files (x86)\Arduino\lib\listSerialsj.dll
0x76a60000 - 0x76ea9000 	C:\WINDOWS\System32\SETUPAPI.dll
0x75690000 - 0x756a9000 	C:\WINDOWS\System32\bcrypt.dll
0x740d0000 - 0x740ed000 	C:\Program Files (x86)\Arduino\lib\jnidispatch-4.2.2-win32-x86.dll
0x771a0000 - 0x77297000 	C:\WINDOWS\System32\Ole32.dll
0x740b0000 - 0x740c5000 	C:\Program Files (x86)\Arduino\java\bin\net.dll
0x73000000 - 0x73052000 	C:\WINDOWS\system32\mswsock.dll
0x740a0000 - 0x740af000 	C:\Program Files (x86)\Arduino\java\bin\nio.dll
0x723b0000 - 0x724f7000 	C:\Program Files (x86)\Arduino\java\bin\awt.dll
0x74000000 - 0x7409f000 	C:\WINDOWS\SYSTEM32\apphelp.dll
0x73fd0000 - 0x73ff5000 	C:\WINDOWS\system32\DWMAPI.DLL
0x72370000 - 0x723a9000 	C:\Program Files (x86)\Arduino\java\bin\fontmanager.dll
0x72270000 - 0x7236f000 	C:\WINDOWS\system32\opengl32.dll
0x72230000 - 0x7226f000 	C:\WINDOWS\SYSTEM32\GLU32.dll
0x73890000 - 0x738a9000 	C:\WINDOWS\SYSTEM32\dxcore.dll
0x721f0000 - 0x72222000 	C:\Program Files (x86)\Arduino\java\bin\t2k.dll
0x751b0000 - 0x751d3000 	C:\WINDOWS\SYSTEM32\DEVOBJ.dll
0x76eb0000 - 0x76ef6000 	C:\WINDOWS\System32\WINTRUST.dll
0x75680000 - 0x7568e000 	C:\WINDOWS\System32\MSASN1.dll
0x75be0000 - 0x75cdb000 	C:\WINDOWS\System32\CRYPT32.dll
0x74510000 - 0x74542000 	C:\WINDOWS\SYSTEM32\IPHLPAPI.DLL
0x76850000 - 0x76857000 	C:\WINDOWS\System32\NSI.dll
0x73840000 - 0x73853000 	C:\WINDOWS\SYSTEM32\dhcpcsvc6.DLL
0x73820000 - 0x73835000 	C:\WINDOWS\SYSTEM32\dhcpcsvc.DLL
0x72f60000 - 0x72ff1000 	C:\WINDOWS\SYSTEM32\DNSAPI.dll
0x72ef0000 - 0x72ef8000 	C:\Windows\System32\rasadhlp.dll
0x72f00000 - 0x72f51000 	C:\WINDOWS\System32\fwpuclnt.dll
0x72180000 - 0x721e9000 	C:\Program Files (x86)\Arduino\msvcp100.dll
0x720c0000 - 0x7217e000 	C:\Program Files (x86)\Arduino\msvcr100.dll
0x27790000 - 0x277c2000 	C:\Program Files (x86)\Arduino\lib\AStylej.dll
0x73fa0000 - 0x73fc4000 	C:\Program Files (x86)\Arduino\java\bin\dcpr.dll
0x75b60000 - 0x75be0000 	C:\WINDOWS\System32\clbcatq.dll
0x730a0000 - 0x73209000 	C:\WINDOWS\SYSTEM32\WindowsCodecs.dll
0x738b0000 - 0x738e1000 	C:\WINDOWS\system32\dataexchange.dll
0x734d0000 - 0x73639000 	C:\WINDOWS\system32\dcomp.dll
0x73640000 - 0x7381e000 	C:\WINDOWS\system32\d3d11.dll
0x73400000 - 0x734c1000 	C:\WINDOWS\system32\dxgi.dll
0x73210000 - 0x733f4000 	C:\WINDOWS\system32\twinapi.appcore.dll
0x73870000 - 0x7388f000 	C:\WINDOWS\system32\RMCLIENT.dll
0x728e0000 - 0x728e7000 	C:\Program Files (x86)\Internet Download Manager\idmmkb.dll
0x720a0000 - 0x720c0000 	C:\Program Files (x86)\Arduino\java\bin\sunec.dll
0x747e0000 - 0x7480f000 	C:\WINDOWS\system32\rsaenh.dll
0x75240000 - 0x7525e000 	C:\WINDOWS\SYSTEM32\USERENV.dll
0x72090000 - 0x72099000 	C:\Program Files (x86)\Arduino\java\bin\sunmscapi.dll

VM Arguments:
jvm_args: -Dsun.java2d.d3d=false -Djna.nosys=true -Djna.nounpack=true -Djna.boot.library.name=jnidispatch-4.2.2-win32-x86 -Djna.boot.library.path=C:\Program Files (x86)\Arduino/lib -Djssc.library.path=C:\Program Files (x86)\Arduino/lib -DAPP_DIR=C:\Program Files (x86)\Arduino -Xms128M -Xmx512M 
java_command: processing.app.Base C:\Users\ARIEF SETYO NUGROHO\Desktop\alpinbarbar\alpinbarbar.ino
java_class_path (initial): C:\Program Files (x86)\Arduino\lib\apple.jar;C:\Program Files (x86)\Arduino\lib\arduino-core.jar;C:\Program Files (x86)\Arduino\lib\batik-1.8.jar;C:\Program Files (x86)\Arduino\lib\batik-anim-1.8.jar;C:\Program Files (x86)\Arduino\lib\batik-awt-util-1.8.jar;C:\Program Files (x86)\Arduino\lib\batik-bridge-1.8.jar;C:\Program Files (x86)\Arduino\lib\batik-codec-1.8.jar;C:\Program Files (x86)\Arduino\lib\batik-css-1.8.jar;C:\Program Files (x86)\Arduino\lib\batik-dom-1.8.jar;C:\Program Files (x86)\Arduino\lib\batik-ext-1.8.jar;C:\Program Files (x86)\Arduino\lib\batik-gvt-1.8.jar;C:\Program Files (x86)\Arduino\lib\batik-parser-1.8.jar;C:\Program Files (x86)\Arduino\lib\batik-rasterizer-1.8.jar;C:\Program Files (x86)\Arduino\lib\batik-script-1.8.jar;C:\Program Files (x86)\Arduino\lib\batik-squiggle-1.8.jar;C:\Program Files (x86)\Arduino\lib\batik-svg-dom-1.8.jar;C:\Program Files (x86)\Arduino\lib\batik-svgpp-1.8.jar;C:\Program Files (x86)\Arduino\lib\batik-transcoder-1.8.jar;C:\Program Files (x86)\Arduino\lib\batik-util-1.8.jar;C:\Program Files (x86)\Arduino\lib\batik-xml-1.8.jar;C:\Program Files (x86)\Arduino\lib\bcpg-jdk15on-152.jar;C:\Program Files (x86)\Arduino\lib\bcprov-jdk15on-152.jar;C:\Program Files (x86)\Arduino\lib\commons-codec-1.7.jar;C:\Program Files (x86)\Arduino\lib\commons-compress-1.8.jar;C:\Program Files (x86)\Arduino\lib\commons-exec-1.1.jar;C:\Program Files (x86)\Arduino\lib\commons-httpclient-3.1.jar;C:\Program Files (x86)\Arduino\lib\commons-lang3-3.3.2.jar;C:\Program Files (x86)\Arduino\lib\commons-logging-1.0.4.jar;C:\Program Files (x86)\Arduino\lib\commons-net-3.3.jar;C:\Program Files (x86)\Arduino\lib\jackson-annotations-2.9.5.jar;C:\Program Files (x86)\Arduino\lib\jackson-core-2.9.5.jar;C:\Program Files (x86)\Arduino\lib\jackson-databind-2.9.5.jar;C:\Program Files (x86)\Arduino\lib\jackson-module-mrbean-2.9.5.jar;C:\Program Files (x86)\Arduino\lib\java-semver-0.8.0.jar;C:\Program Files (x86)\Arduino\lib\jmdns-3.5.3.j
Launcher Type: SUN_STANDARD

Environment Variables:
PATH=C:\WINDOWS\system32;C:\WINDOWS;C:\WINDOWS\System32\Wbem;C:\WINDOWS\System32\WindowsPowerShell\v1.0\;C:\WINDOWS\System32\OpenSSH\;C:\Users\ARIEF SETYO NUGROHO\AppData\Local\Microsoft\WindowsApps;;C:\Program Files (x86)\Arduino\java\bin
USERNAME=ARIEF SETYO NUGROHO
OS=Windows_NT
PROCESSOR_IDENTIFIER=Intel64 Family 6 Model 76 Stepping 3, GenuineIntel



---------------  S Y S T E M  ---------------

OS: Windows 10.0 , 64 bit Build 18362 (10.0.18362.329)

CPU:total 2 (initial active 2) (2 cores per cpu, 1 threads per core) family 6 model 76 stepping 3, cmov, cx8, fxsr, mmx, sse, sse2, sse3, ssse3, sse4.1, sse4.2, popcnt, aes, clmul, erms, 3dnowpref, tsc, tscinvbit

Memory: 4k page, physical 1998296k(221344k free), swap 8027608k(0k free)

vm_info: Java HotSpot(TM) Client VM (25.191-b12) for windows-x86 JRE (1.8.0_191-b12), built on Oct  6 2018 08:34:23 by "java_re" with MS VC++ 10.0 (VS2010)

time: Thu Jan 23 00:15:14 2020
elapsed time: 3718 seconds (0d 1h 1m 58s)

